# JRE version: OpenJDK Runtime Environment (8.0_312-b07) (build 1.8.0_312-b07)
# Java VM: OpenJDK 64-Bit Server VM (25.312-b07 mixed mode windows-amd64 compressed oops)
Heap:
 PSYoungGen      total 128000K, used 85168K [0x00000000f5580000, 0x00000000ffe00000, 0x0000000100000000)
  eden space 110080K, 61% used [0x00000000f5580000,0x00000000f9732da8,0x00000000fc100000)
  from space 17920K, 99% used [0x00000000fc100000,0x00000000fd279480,0x00000000fd280000)
  to   space 30720K, 0% used [0x00000000fe000000,0x00000000fe000000,0x00000000ffe00000)
 ParOldGen       total 246272K, used 85198K [0x00000000e0000000, 0x00000000ef080000, 0x00000000f5580000)
  object space 246272K, 34% used [0x00000000e0000000,0x00000000e5333ba8,0x00000000ef080000)
 Metaspace       used 102283K, capacity 107452K, committed 107736K, reserved 1142784K
  class space    used 13588K, capacity 14718K, committed 14848K, reserved 1048576K
GC Heap History (10 events):
Event: 30.754 GC heap before
{Heap before GC invocations=21 (full 3):
 PSYoungGen      total 143360K, used 131678K [0x00000000f5580000, 0x0000000100000000, 0x0000000100000000)
  eden space 115200K, 100% used [0x00000000f5580000,0x00000000fc600000,0x00000000fc600000)
  from space 28160K, 58% used [0x00000000fc600000,0x00000000fd617a08,0x00000000fe180000)
  to   space 27136K, 0% used [0x00000000fe580000,0x00000000fe580000,0x0000000100000000)
 ParOldGen       total 180224K, used 72645K [0x00000000e0000000, 0x00000000eb000000, 0x00000000f5580000)
  object space 180224K, 40% used [0x00000000e0000000,0x00000000e46f1778,0x00000000eb000000)
 Metaspace       used 90973K, capacity 96226K, committed 96472K, reserved 1132544K
  class space    used 12193K, capacity 13260K, committed 13312K, reserved 1048576K
Event: 30.773 GC heap after
Heap after GC invocations=21 (full 3):
 PSYoungGen      total 143360K, used 23515K [0x00000000f5580000, 0x0000000100000000, 0x0000000100000000)
  eden space 116224K, 0% used [0x00000000f5580000,0x00000000f5580000,0x00000000fc700000)
  from space 27136K, 86% used [0x00000000fe580000,0x00000000ffc76f80,0x0000000100000000)
  to   space 29184K, 0% used [0x00000000fc700000,0x00000000fc700000,0x00000000fe380000)
 ParOldGen       total 180224K, used 72653K [0x00000000e0000000, 0x00000000eb000000, 0x00000000f5580000)
  object space 180224K, 40% used [0x00000000e0000000,0x00000000e46f3778,0x00000000eb000000)
 Metaspace       used 90973K, capacity 96226K, committed 96472K, reserved 1132544K
  class space    used 12193K, capacity 13260K, committed 13312K, reserved 1048576K
}
Event: 31.812 GC heap before
{Heap before GC invocations=22 (full 3):
 PSYoungGen      total 143360K, used 139739K [0x00000000f5580000, 0x0000000100000000, 0x0000000100000000)
  eden space 116224K, 100% used [0x00000000f5580000,0x00000000fc700000,0x00000000fc700000)
  from space 27136K, 86% used [0x00000000fe580000,0x00000000ffc76f80,0x0000000100000000)
  to   space 29184K, 0% used [0x00000000fc700000,0x00000000fc700000,0x00000000fe380000)
 ParOldGen       total 180224K, used 72653K [0x00000000e0000000, 0x00000000eb000000, 0x00000000f5580000)
  object space 180224K, 40% used [0x00000000e0000000,0x00000000e46f3778,0x00000000eb000000)
 Metaspace       used 92722K, capacity 98032K, committed 98264K, reserved 1134592K
  class space    used 12419K, capacity 13549K, committed 13568K, reserved 1048576K
Event: 31.828 GC heap after
Heap after GC invocations=22 (full 3):
 PSYoungGen      total 140800K, used 24464K [0x00000000f5580000, 0x0000000100000000, 0x0000000100000000)
  eden space 116224K, 0% used [0x00000000f5580000,0x00000000f5580000,0x00000000fc700000)
  from space 24576K, 99% used [0x00000000fc700000,0x00000000fdee4080,0x00000000fdf00000)
  to   space 31232K, 0% used [0x00000000fe180000,0x00000000fe180000,0x0000000100000000)
 ParOldGen       total 180224K, used 72661K [0x00000000e0000000, 0x00000000eb000000, 0x00000000f5580000)
  object space 180224K, 40% used [0x00000000e0000000,0x00000000e46f5778,0x00000000eb000000)
 Metaspace       used 92722K, capacity 98032K, committed 98264K, reserved 1134592K
  class space    used 12419K, capacity 13549K, committed 13568K, reserved 1048576K
}
Event: 31.854 GC heap before
{Heap before GC invocations=23 (full 3):
 PSYoungGen      total 140800K, used 26009K [0x00000000f5580000, 0x0000000100000000, 0x0000000100000000)
  eden space 116224K, 1% used [0x00000000f5580000,0x00000000f5702738,0x00000000fc700000)
  from space 24576K, 99% used [0x00000000fc700000,0x00000000fdee4080,0x00000000fdf00000)
  to   space 31232K, 0% used [0x00000000fe180000,0x00000000fe180000,0x0000000100000000)
 ParOldGen       total 180224K, used 72661K [0x00000000e0000000, 0x00000000eb000000, 0x00000000f5580000)
  object space 180224K, 40% used [0x00000000e0000000,0x00000000e46f5778,0x00000000eb000000)
 Metaspace       used 93040K, capacity 98346K, committed 98496K, reserved 1134592K
  class space    used 12462K, capacity 13585K, committed 13696K, reserved 1048576K
Event: 31.869 GC heap after
Heap after GC invocations=23 (full 3):
 PSYoungGen      total 141312K, used 23776K [0x00000000f5580000, 0x0000000100000000, 0x0000000100000000)
  eden space 110080K, 0% used [0x00000000f5580000,0x00000000f5580000,0x00000000fc100000)
  from space 31232K, 76% used [0x00000000fe180000,0x00000000ff8b80b0,0x0000000100000000)
  to   space 32256K, 0% used [0x00000000fc100000,0x00000000fc100000,0x00000000fe080000)
 ParOldGen       total 180224K, used 72669K [0x00000000e0000000, 0x00000000eb000000, 0x00000000f5580000)
  object space 180224K, 40% used [0x00000000e0000000,0x00000000e46f7778,0x00000000eb000000)
 Metaspace       used 93040K, capacity 98346K, committed 98496K, reserved 1134592K
  class space    used 12462K, capacity 13585K, committed 13696K, reserved 1048576K
}
Event: 31.869 GC heap before
{Heap before GC invocations=24 (full 4):
 PSYoungGen      total 141312K, used 23776K [0x00000000f5580000, 0x0000000100000000, 0x0000000100000000)
  eden space 110080K, 0% used [0x00000000f5580000,0x00000000f5580000,0x00000000fc100000)
  from space 31232K, 76% used [0x00000000fe180000,0x00000000ff8b80b0,0x0000000100000000)
  to   space 32256K, 0% used [0x00000000fc100000,0x00000000fc100000,0x00000000fe080000)
 ParOldGen       total 180224K, used 72669K [0x00000000e0000000, 0x00000000eb000000, 0x00000000f5580000)
  object space 180224K, 40% used [0x00000000e0000000,0x00000000e46f7778,0x00000000eb000000)
 Metaspace       used 93040K, capacity 98346K, committed 98496K, reserved 1134592K
  class space    used 12462K, capacity 13585K, committed 13696K, reserved 1048576K
Event: 32.080 GC heap after
Heap after GC invocations=24 (full 4):
 PSYoungGen      total 141312K, used 0K [0x00000000f5580000, 0x0000000100000000, 0x0000000100000000)
  eden space 110080K, 0% used [0x00000000f5580000,0x00000000f5580000,0x00000000fc100000)
  from space 31232K, 0% used [0x00000000fe180000,0x00000000fe180000,0x0000000100000000)
  to   space 32256K, 0% used [0x00000000fc100000,0x00000000fc100000,0x00000000fe080000)
 ParOldGen       total 246272K, used 85190K [0x00000000e0000000, 0x00000000ef080000, 0x00000000f5580000)
  object space 246272K, 34% used [0x00000000e0000000,0x00000000e5331ba8,0x00000000ef080000)
 Metaspace       used 92846K, capacity 97758K, committed 98496K, reserved 1134592K
  class space    used 12399K, capacity 13477K, committed 13696K, reserved 1048576K
}
Event: 34.456 GC heap before
{Heap before GC invocations=25 (full 4):
 PSYoungGen      total 141312K, used 110080K [0x00000000f5580000, 0x0000000100000000, 0x0000000100000000)
  eden space 110080K, 100% used [0x00000000f5580000,0x00000000fc100000,0x00000000fc100000)
  from space 31232K, 0% used [0x00000000fe180000,0x00000000fe180000,0x0000000100000000)
  to   space 32256K, 0% used [0x00000000fc100000,0x00000000fc100000,0x00000000fe080000)
 ParOldGen       total 246272K, used 85190K [0x00000000e0000000, 0x00000000ef080000, 0x00000000f5580000)
  object space 246272K, 34% used [0x00000000e0000000,0x00000000e5331ba8,0x00000000ef080000)
 Metaspace       used 98972K, capacity 104018K, committed 104664K, reserved 1140736K
  class space    used 13107K, capacity 14219K, committed 14336K, reserved 1048576K
Event: 34.476 GC heap after
Heap after GC invocations=25 (full 4):
 PSYoungGen      total 128000K, used 17893K [0x00000000f5580000, 0x00000000ffe00000, 0x0000000100000000)
  eden space 110080K, 0% used [0x00000000f5580000,0x00000000f5580000,0x00000000fc100000)
  from space 17920K, 99% used [0x00000000fc100000,0x00000000fd279480,0x00000000fd280000)
  to   space 30720K, 0% used [0x00000000fe000000,0x00000000fe000000,0x00000000ffe00000)
 ParOldGen       total 246272K, used 85198K [0x00000000e0000000, 0x00000000ef080000, 0x00000000f5580000)
  object space 246272K, 34% used [0x00000000e0000000,0x00000000e5333ba8,0x00000000ef080000)
 Metaspace       used 98972K, capacity 104018K, committed 104664K, reserved 1140736K
  class space    used 13107K, capacity 14219K, committed 14336K, reserved 1048576K
}

